The system is: Linux - 6.6.87.2-microsoft-standard-WSL2 - x86_64
Compiling the C compiler identification source file "CMakeCCompilerId.c" succeeded.
Compiler: /usr/local/gcc-10.5.0/bin/gcc 
Build flags: 
Id flags:  

The output was:
0


Compilation of the C compiler identification source "CMakeCCompilerId.c" produced "a.out"

The C compiler identification is GNU, found in "/home/utopianyouth/zerovoice/unit11/myself-chatroom-distribute/build/CMakeFiles/3.16.3/CompilerIdC/a.out"

Compiling the CXX compiler identification source file "CMakeCXXCompilerId.cpp" succeeded.
Compiler: /usr/local/gcc-10.5.0/bin/g++ 
Build flags: 
Id flags:  

The output was:
0


Compilation of the CXX compiler identification source "CMakeCXXCompilerId.cpp" produced "a.out"

The CXX compiler identification is GNU, found in "/home/utopianyouth/zerovoice/unit11/myself-chatroom-distribute/build/CMakeFiles/3.16.3/CompilerIdCXX/a.out"

Determining if the C compiler works passed with the following output:
Change Dir: /home/utopianyouth/zerovoice/unit11/myself-chatroom-distribute/build/CMakeFiles/CMakeTmp

Run Build Command(s):/home/utopianyouth/.codebuddy-server/extensions/kylinideteam.kylin-cmake-tools-0.0.4-universal/res/ninja/linux-x64/ninja cmTC_a4f0b && [1/2] Building C object CMakeFiles/cmTC_a4f0b.dir/testCCompiler.c.o
[2/2] Linking C executable cmTC_a4f0b



Detecting C compiler ABI info compiled with the following output:
Change Dir: /home/utopianyouth/zerovoice/unit11/myself-chatroom-distribute/build/CMakeFiles/CMakeTmp

Run Build Command(s):/home/utopianyouth/.codebuddy-server/extensions/kylinideteam.kylin-cmake-tools-0.0.4-universal/res/ninja/linux-x64/ninja cmTC_870e6 && [1/2] Building C object CMakeFiles/cmTC_870e6.dir/CMakeCCompilerABI.c.o
Using built-in specs.
COLLECT_GCC=/usr/local/gcc-10.5.0/bin/gcc
Target: x86_64-pc-linux-gnu
Configured with: ../configure --prefix=/usr/local/gcc-10.5.0 --enable-languages=c,c++ --disable-multilib --disable-bootstrap
Thread model: posix
Supported LTO compression algorithms: zlib
gcc version 10.5.0 (GCC) 
COLLECT_GCC_OPTIONS='-v' '-o' 'CMakeFiles/cmTC_870e6.dir/CMakeCCompilerABI.c.o' '-c' '-mtune=generic' '-march=x86-64'
 /usr/local/gcc-10.5.0/libexec/gcc/x86_64-pc-linux-gnu/10.5.0/cc1 -quiet -v -imultiarch x86_64-linux-gnu /usr/share/cmake-3.16/Modules/CMakeCCompilerABI.c -quiet -dumpbase CMakeCCompilerABI.c -mtune=generic -march=x86-64 -auxbase-strip CMakeFiles/cmTC_870e6.dir/CMakeCCompilerABI.c.o -version -o /tmp/cctFENV9.s
GNU C17 (GCC) version 10.5.0 (x86_64-pc-linux-gnu)
	compiled by GNU C version 9.4.0, GMP version 6.1.0, MPFR version 3.1.6, MPC version 1.0.3, isl version isl-0.18-GMP

GGC heuristics: --param ggc-min-expand=100 --param ggc-min-heapsize=131072
ignoring nonexistent directory "/usr/local/include/x86_64-linux-gnu"
ignoring nonexistent directory "/usr/local/gcc-10.5.0/lib/gcc/x86_64-pc-linux-gnu/10.5.0/../../../../x86_64-pc-linux-gnu/include"
#include "..." search starts here:
#include <...> search starts here:
 /usr/local/gcc-10.5.0/lib/gcc/x86_64-pc-linux-gnu/10.5.0/include
 /usr/local/include
 /usr/local/gcc-10.5.0/include
 /usr/local/gcc-10.5.0/lib/gcc/x86_64-pc-linux-gnu/10.5.0/include-fixed
 /usr/include/x86_64-linux-gnu
 /usr/include
End of search list.
GNU C17 (GCC) version 10.5.0 (x86_64-pc-linux-gnu)
	compiled by GNU C version 9.4.0, GMP version 6.1.0, MPFR version 3.1.6, MPC version 1.0.3, isl version isl-0.18-GMP

GGC heuristics: --param ggc-min-expand=100 --param ggc-min-heapsize=131072
Compiler executable checksum: 411d251f76ca3356b067746fcbfe56be
COLLECT_GCC_OPTIONS='-v' '-o' 'CMakeFiles/cmTC_870e6.dir/CMakeCCompilerABI.c.o' '-c' '-mtune=generic' '-march=x86-64'
 as -v --64 -o CMakeFiles/cmTC_870e6.dir/CMakeCCompilerABI.c.o /tmp/cctFENV9.s
GNU assembler version 2.34 (x86_64-linux-gnu) using BFD version (GNU Binutils for Ubuntu) 2.34
COMPILER_PATH=/usr/local/gcc-10.5.0/libexec/gcc/x86_64-pc-linux-gnu/10.5.0/:/usr/local/gcc-10.5.0/libexec/gcc/x86_64-pc-linux-gnu/10.5.0/:/usr/local/gcc-10.5.0/libexec/gcc/x86_64-pc-linux-gnu/:/usr/local/gcc-10.5.0/lib/gcc/x86_64-pc-linux-gnu/10.5.0/:/usr/local/gcc-10.5.0/lib/gcc/x86_64-pc-linux-gnu/
LIBRARY_PATH=/usr/local/gcc-10.5.0/lib/gcc/x86_64-pc-linux-gnu/10.5.0/:/usr/local/gcc-10.5.0/lib/gcc/x86_64-pc-linux-gnu/10.5.0/../../../../lib64/:/lib/x86_64-linux-gnu/:/lib/../lib64/:/usr/lib/x86_64-linux-gnu/:/usr/lib/../lib64/:/usr/local/gcc-10.5.0/lib/gcc/x86_64-pc-linux-gnu/10.5.0/../../../:/lib/:/usr/lib/
COLLECT_GCC_OPTIONS='-v' '-o' 'CMakeFiles/cmTC_870e6.dir/CMakeCCompilerABI.c.o' '-c' '-mtune=generic' '-march=x86-64'
[2/2] Linking C executable cmTC_870e6
Using built-in specs.
COLLECT_GCC=/usr/local/gcc-10.5.0/bin/gcc
COLLECT_LTO_WRAPPER=/usr/local/gcc-10.5.0/libexec/gcc/x86_64-pc-linux-gnu/10.5.0/lto-wrapper
Target: x86_64-pc-linux-gnu
Configured with: ../configure --prefix=/usr/local/gcc-10.5.0 --enable-languages=c,c++ --disable-multilib --disable-bootstrap
Thread model: posix
Supported LTO compression algorithms: zlib
gcc version 10.5.0 (GCC) 
COMPILER_PATH=/usr/local/gcc-10.5.0/libexec/gcc/x86_64-pc-linux-gnu/10.5.0/:/usr/local/gcc-10.5.0/libexec/gcc/x86_64-pc-linux-gnu/10.5.0/:/usr/local/gcc-10.5.0/libexec/gcc/x86_64-pc-linux-gnu/:/usr/local/gcc-10.5.0/lib/gcc/x86_64-pc-linux-gnu/10.5.0/:/usr/local/gcc-10.5.0/lib/gcc/x86_64-pc-linux-gnu/
LIBRARY_PATH=/usr/local/gcc-10.5.0/lib/gcc/x86_64-pc-linux-gnu/10.5.0/:/usr/local/gcc-10.5.0/lib/gcc/x86_64-pc-linux-gnu/10.5.0/../../../../lib64/:/lib/x86_64-linux-gnu/:/lib/../lib64/:/usr/lib/x86_64-linux-gnu/:/usr/lib/../lib64/:/usr/local/gcc-10.5.0/lib/gcc/x86_64-pc-linux-gnu/10.5.0/../../../:/lib/:/usr/lib/
COLLECT_GCC_OPTIONS='-v' '-rdynamic' '-o' 'cmTC_870e6' '-mtune=generic' '-march=x86-64'
 /usr/local/gcc-10.5.0/libexec/gcc/x86_64-pc-linux-gnu/10.5.0/collect2 -plugin /usr/local/gcc-10.5.0/libexec/gcc/x86_64-pc-linux-gnu/10.5.0/liblto_plugin.so -plugin-opt=/usr/local/gcc-10.5.0/libexec/gcc/x86_64-pc-linux-gnu/10.5.0/lto-wrapper -plugin-opt=-fresolution=/tmp/ccTfmI3s.res -plugin-opt=-pass-through=-lgcc -plugin-opt=-pass-through=-lgcc_s -plugin-opt=-pass-through=-lc -plugin-opt=-pass-through=-lgcc -plugin-opt=-pass-through=-lgcc_s --eh-frame-hdr -m elf_x86_64 -export-dynamic -dynamic-linker /lib64/ld-linux-x86-64.so.2 -o cmTC_870e6 /lib/x86_64-linux-gnu/crt1.o /lib/x86_64-linux-gnu/crti.o /usr/local/gcc-10.5.0/lib/gcc/x86_64-pc-linux-gnu/10.5.0/crtbegin.o -L/usr/local/gcc-10.5.0/lib/gcc/x86_64-pc-linux-gnu/10.5.0 -L/usr/local/gcc-10.5.0/lib/gcc/x86_64-pc-linux-gnu/10.5.0/../../../../lib64 -L/lib/x86_64-linux-gnu -L/lib/../lib64 -L/usr/lib/x86_64-linux-gnu -L/usr/lib/../lib64 -L/usr/local/gcc-10.5.0/lib/gcc/x86_64-pc-linux-gnu/10.5.0/../../.. CMakeFiles/cmTC_870e6.dir/CMakeCCompilerABI.c.o -lgcc --push-state --as-needed -lgcc_s --pop-state -lc -lgcc --push-state --as-needed -lgcc_s --pop-state /usr/local/gcc-10.5.0/lib/gcc/x86_64-pc-linux-gnu/10.5.0/crtend.o /lib/x86_64-linux-gnu/crtn.o
COLLECT_GCC_OPTIONS='-v' '-rdynamic' '-o' 'cmTC_870e6' '-mtune=generic' '-march=x86-64'



Parsed C implicit include dir info from above output: rv=done
  found start of include info
  found start of implicit include info
    add: [/usr/local/gcc-10.5.0/lib/gcc/x86_64-pc-linux-gnu/10.5.0/include]
    add: [/usr/local/include]
    add: [/usr/local/gcc-10.5.0/include]
    add: [/usr/local/gcc-10.5.0/lib/gcc/x86_64-pc-linux-gnu/10.5.0/include-fixed]
    add: [/usr/include/x86_64-linux-gnu]
    add: [/usr/include]
  end of search list found
  collapse include dir [/usr/local/gcc-10.5.0/lib/gcc/x86_64-pc-linux-gnu/10.5.0/include] ==> [/usr/local/gcc-10.5.0/lib/gcc/x86_64-pc-linux-gnu/10.5.0/include]
  collapse include dir [/usr/local/include] ==> [/usr/local/include]
  collapse include dir [/usr/local/gcc-10.5.0/include] ==> [/usr/local/gcc-10.5.0/include]
  collapse include dir [/usr/local/gcc-10.5.0/lib/gcc/x86_64-pc-linux-gnu/10.5.0/include-fixed] ==> [/usr/local/gcc-10.5.0/lib/gcc/x86_64-pc-linux-gnu/10.5.0/include-fixed]
  collapse include dir [/usr/include/x86_64-linux-gnu] ==> [/usr/include/x86_64-linux-gnu]
  collapse include dir [/usr/include] ==> [/usr/include]
  implicit include dirs: [/usr/local/gcc-10.5.0/lib/gcc/x86_64-pc-linux-gnu/10.5.0/include;/usr/local/include;/usr/local/gcc-10.5.0/include;/usr/local/gcc-10.5.0/lib/gcc/x86_64-pc-linux-gnu/10.5.0/include-fixed;/usr/include/x86_64-linux-gnu;/usr/include]


Parsed C implicit link information from above output:
  link line regex: [^( *|.*[/\])(ld|CMAKE_LINK_STARTFILE-NOTFOUND|([^/\]+-)?ld|collect2)[^/\]*( |$)]
  ignore line: [Change Dir: /home/utopianyouth/zerovoice/unit11/myself-chatroom-distribute/build/CMakeFiles/CMakeTmp]
  ignore line: []
  ignore line: [Run Build Command(s):/home/utopianyouth/.codebuddy-server/extensions/kylinideteam.kylin-cmake-tools-0.0.4-universal/res/ninja/linux-x64/ninja cmTC_870e6 && [1/2] Building C object CMakeFiles/cmTC_870e6.dir/CMakeCCompilerABI.c.o]
  ignore line: [Using built-in specs.]
  ignore line: [COLLECT_GCC=/usr/local/gcc-10.5.0/bin/gcc]
  ignore line: [Target: x86_64-pc-linux-gnu]
  ignore line: [Configured with: ../configure --prefix=/usr/local/gcc-10.5.0 --enable-languages=c c++ --disable-multilib --disable-bootstrap]
  ignore line: [Thread model: posix]
  ignore line: [Supported LTO compression algorithms: zlib]
  ignore line: [gcc version 10.5.0 (GCC) ]
  ignore line: [COLLECT_GCC_OPTIONS='-v' '-o' 'CMakeFiles/cmTC_870e6.dir/CMakeCCompilerABI.c.o' '-c' '-mtune=generic' '-march=x86-64']
  ignore line: [ /usr/local/gcc-10.5.0/libexec/gcc/x86_64-pc-linux-gnu/10.5.0/cc1 -quiet -v -imultiarch x86_64-linux-gnu /usr/share/cmake-3.16/Modules/CMakeCCompilerABI.c -quiet -dumpbase CMakeCCompilerABI.c -mtune=generic -march=x86-64 -auxbase-strip CMakeFiles/cmTC_870e6.dir/CMakeCCompilerABI.c.o -version -o /tmp/cctFENV9.s]
  ignore line: [GNU C17 (GCC) version 10.5.0 (x86_64-pc-linux-gnu)]
  ignore line: [	compiled by GNU C version 9.4.0  GMP version 6.1.0  MPFR version 3.1.6  MPC version 1.0.3  isl version isl-0.18-GMP]
  ignore line: []
  ignore line: [GGC heuristics: --param ggc-min-expand=100 --param ggc-min-heapsize=131072]
  ignore line: [ignoring nonexistent directory "/usr/local/include/x86_64-linux-gnu"]
  ignore line: [ignoring nonexistent directory "/usr/local/gcc-10.5.0/lib/gcc/x86_64-pc-linux-gnu/10.5.0/../../../../x86_64-pc-linux-gnu/include"]
  ignore line: [#include "..." search starts here:]
  ignore line: [#include <...> search starts here:]
  ignore line: [ /usr/local/gcc-10.5.0/lib/gcc/x86_64-pc-linux-gnu/10.5.0/include]
  ignore line: [ /usr/local/include]
  ignore line: [ /usr/local/gcc-10.5.0/include]
  ignore line: [ /usr/local/gcc-10.5.0/lib/gcc/x86_64-pc-linux-gnu/10.5.0/include-fixed]
  ignore line: [ /usr/include/x86_64-linux-gnu]
  ignore line: [ /usr/include]
  ignore line: [End of search list.]
  ignore line: [GNU C17 (GCC) version 10.5.0 (x86_64-pc-linux-gnu)]
  ignore line: [	compiled by GNU C version 9.4.0  GMP version 6.1.0  MPFR version 3.1.6  MPC version 1.0.3  isl version isl-0.18-GMP]
  ignore line: []
  ignore line: [GGC heuristics: --param ggc-min-expand=100 --param ggc-min-heapsize=131072]
  ignore line: [Compiler executable checksum: 411d251f76ca3356b067746fcbfe56be]
  ignore line: [COLLECT_GCC_OPTIONS='-v' '-o' 'CMakeFiles/cmTC_870e6.dir/CMakeCCompilerABI.c.o' '-c' '-mtune=generic' '-march=x86-64']
  ignore line: [ as -v --64 -o CMakeFiles/cmTC_870e6.dir/CMakeCCompilerABI.c.o /tmp/cctFENV9.s]
  ignore line: [GNU assembler version 2.34 (x86_64-linux-gnu) using BFD version (GNU Binutils for Ubuntu) 2.34]
  ignore line: [COMPILER_PATH=/usr/local/gcc-10.5.0/libexec/gcc/x86_64-pc-linux-gnu/10.5.0/:/usr/local/gcc-10.5.0/libexec/gcc/x86_64-pc-linux-gnu/10.5.0/:/usr/local/gcc-10.5.0/libexec/gcc/x86_64-pc-linux-gnu/:/usr/local/gcc-10.5.0/lib/gcc/x86_64-pc-linux-gnu/10.5.0/:/usr/local/gcc-10.5.0/lib/gcc/x86_64-pc-linux-gnu/]
  ignore line: [LIBRARY_PATH=/usr/local/gcc-10.5.0/lib/gcc/x86_64-pc-linux-gnu/10.5.0/:/usr/local/gcc-10.5.0/lib/gcc/x86_64-pc-linux-gnu/10.5.0/../../../../lib64/:/lib/x86_64-linux-gnu/:/lib/../lib64/:/usr/lib/x86_64-linux-gnu/:/usr/lib/../lib64/:/usr/local/gcc-10.5.0/lib/gcc/x86_64-pc-linux-gnu/10.5.0/../../../:/lib/:/usr/lib/]
  ignore line: [COLLECT_GCC_OPTIONS='-v' '-o' 'CMakeFiles/cmTC_870e6.dir/CMakeCCompilerABI.c.o' '-c' '-mtune=generic' '-march=x86-64']
  ignore line: [[2/2] Linking C executable cmTC_870e6]
  ignore line: [Using built-in specs.]
  ignore line: [COLLECT_GCC=/usr/local/gcc-10.5.0/bin/gcc]
  ignore line: [COLLECT_LTO_WRAPPER=/usr/local/gcc-10.5.0/libexec/gcc/x86_64-pc-linux-gnu/10.5.0/lto-wrapper]
  ignore line: [Target: x86_64-pc-linux-gnu]
  ignore line: [Configured with: ../configure --prefix=/usr/local/gcc-10.5.0 --enable-languages=c c++ --disable-multilib --disable-bootstrap]
  ignore line: [Thread model: posix]
  ignore line: [Supported LTO compression algorithms: zlib]
  ignore line: [gcc version 10.5.0 (GCC) ]
  ignore line: [COMPILER_PATH=/usr/local/gcc-10.5.0/libexec/gcc/x86_64-pc-linux-gnu/10.5.0/:/usr/local/gcc-10.5.0/libexec/gcc/x86_64-pc-linux-gnu/10.5.0/:/usr/local/gcc-10.5.0/libexec/gcc/x86_64-pc-linux-gnu/:/usr/local/gcc-10.5.0/lib/gcc/x86_64-pc-linux-gnu/10.5.0/:/usr/local/gcc-10.5.0/lib/gcc/x86_64-pc-linux-gnu/]
  ignore line: [LIBRARY_PATH=/usr/local/gcc-10.5.0/lib/gcc/x86_64-pc-linux-gnu/10.5.0/:/usr/local/gcc-10.5.0/lib/gcc/x86_64-pc-linux-gnu/10.5.0/../../../../lib64/:/lib/x86_64-linux-gnu/:/lib/../lib64/:/usr/lib/x86_64-linux-gnu/:/usr/lib/../lib64/:/usr/local/gcc-10.5.0/lib/gcc/x86_64-pc-linux-gnu/10.5.0/../../../:/lib/:/usr/lib/]
  ignore line: [COLLECT_GCC_OPTIONS='-v' '-rdynamic' '-o' 'cmTC_870e6' '-mtune=generic' '-march=x86-64']
  link line: [ /usr/local/gcc-10.5.0/libexec/gcc/x86_64-pc-linux-gnu/10.5.0/collect2 -plugin /usr/local/gcc-10.5.0/libexec/gcc/x86_64-pc-linux-gnu/10.5.0/liblto_plugin.so -plugin-opt=/usr/local/gcc-10.5.0/libexec/gcc/x86_64-pc-linux-gnu/10.5.0/lto-wrapper -plugin-opt=-fresolution=/tmp/ccTfmI3s.res -plugin-opt=-pass-through=-lgcc -plugin-opt=-pass-through=-lgcc_s -plugin-opt=-pass-through=-lc -plugin-opt=-pass-through=-lgcc -plugin-opt=-pass-through=-lgcc_s --eh-frame-hdr -m elf_x86_64 -export-dynamic -dynamic-linker /lib64/ld-linux-x86-64.so.2 -o cmTC_870e6 /lib/x86_64-linux-gnu/crt1.o /lib/x86_64-linux-gnu/crti.o /usr/local/gcc-10.5.0/lib/gcc/x86_64-pc-linux-gnu/10.5.0/crtbegin.o -L/usr/local/gcc-10.5.0/lib/gcc/x86_64-pc-linux-gnu/10.5.0 -L/usr/local/gcc-10.5.0/lib/gcc/x86_64-pc-linux-gnu/10.5.0/../../../../lib64 -L/lib/x86_64-linux-gnu -L/lib/../lib64 -L/usr/lib/x86_64-linux-gnu -L/usr/lib/../lib64 -L/usr/local/gcc-10.5.0/lib/gcc/x86_64-pc-linux-gnu/10.5.0/../../.. CMakeFiles/cmTC_870e6.dir/CMakeCCompilerABI.c.o -lgcc --push-state --as-needed -lgcc_s --pop-state -lc -lgcc --push-state --as-needed -lgcc_s --pop-state /usr/local/gcc-10.5.0/lib/gcc/x86_64-pc-linux-gnu/10.5.0/crtend.o /lib/x86_64-linux-gnu/crtn.o]
    arg [/usr/local/gcc-10.5.0/libexec/gcc/x86_64-pc-linux-gnu/10.5.0/collect2] ==> ignore
    arg [-plugin] ==> ignore
    arg [/usr/local/gcc-10.5.0/libexec/gcc/x86_64-pc-linux-gnu/10.5.0/liblto_plugin.so] ==> ignore
    arg [-plugin-opt=/usr/local/gcc-10.5.0/libexec/gcc/x86_64-pc-linux-gnu/10.5.0/lto-wrapper] ==> ignore
    arg [-plugin-opt=-fresolution=/tmp/ccTfmI3s.res] ==> ignore
    arg [-plugin-opt=-pass-through=-lgcc] ==> ignore
    arg [-plugin-opt=-pass-through=-lgcc_s] ==> ignore
    arg [-plugin-opt=-pass-through=-lc] ==> ignore
    arg [-plugin-opt=-pass-through=-lgcc] ==> ignore
    arg [-plugin-opt=-pass-through=-lgcc_s] ==> ignore
    arg [--eh-frame-hdr] ==> ignore
    arg [-m] ==> ignore
    arg [elf_x86_64] ==> ignore
    arg [-export-dynamic] ==> ignore
    arg [-dynamic-linker] ==> ignore
    arg [/lib64/ld-linux-x86-64.so.2] ==> ignore
    arg [-o] ==> ignore
    arg [cmTC_870e6] ==> ignore
    arg [/lib/x86_64-linux-gnu/crt1.o] ==> ignore
    arg [/lib/x86_64-linux-gnu/crti.o] ==> ignore
    arg [/usr/local/gcc-10.5.0/lib/gcc/x86_64-pc-linux-gnu/10.5.0/crtbegin.o] ==> ignore
    arg [-L/usr/local/gcc-10.5.0/lib/gcc/x86_64-pc-linux-gnu/10.5.0] ==> dir [/usr/local/gcc-10.5.0/lib/gcc/x86_64-pc-linux-gnu/10.5.0]
    arg [-L/usr/local/gcc-10.5.0/lib/gcc/x86_64-pc-linux-gnu/10.5.0/../../../../lib64] ==> dir [/usr/local/gcc-10.5.0/lib/gcc/x86_64-pc-linux-gnu/10.5.0/../../../../lib64]
    arg [-L/lib/x86_64-linux-gnu] ==> dir [/lib/x86_64-linux-gnu]
    arg [-L/lib/../lib64] ==> dir [/lib/../lib64]
    arg [-L/usr/lib/x86_64-linux-gnu] ==> dir [/usr/lib/x86_64-linux-gnu]
    arg [-L/usr/lib/../lib64] ==> dir [/usr/lib/../lib64]
    arg [-L/usr/local/gcc-10.5.0/lib/gcc/x86_64-pc-linux-gnu/10.5.0/../../..] ==> dir [/usr/local/gcc-10.5.0/lib/gcc/x86_64-pc-linux-gnu/10.5.0/../../..]
    arg [CMakeFiles/cmTC_870e6.dir/CMakeCCompilerABI.c.o] ==> ignore
    arg [-lgcc] ==> lib [gcc]
    arg [--push-state] ==> ignore
    arg [--as-needed] ==> ignore
    arg [-lgcc_s] ==> lib [gcc_s]
    arg [--pop-state] ==> ignore
    arg [-lc] ==> lib [c]
    arg [-lgcc] ==> lib [gcc]
    arg [--push-state] ==> ignore
    arg [--as-needed] ==> ignore
    arg [-lgcc_s] ==> lib [gcc_s]
    arg [--pop-state] ==> ignore
    arg [/usr/local/gcc-10.5.0/lib/gcc/x86_64-pc-linux-gnu/10.5.0/crtend.o] ==> ignore
    arg [/lib/x86_64-linux-gnu/crtn.o] ==> ignore
  collapse library dir [/usr/local/gcc-10.5.0/lib/gcc/x86_64-pc-linux-gnu/10.5.0] ==> [/usr/local/gcc-10.5.0/lib/gcc/x86_64-pc-linux-gnu/10.5.0]
  collapse library dir [/usr/local/gcc-10.5.0/lib/gcc/x86_64-pc-linux-gnu/10.5.0/../../../../lib64] ==> [/usr/local/gcc-10.5.0/lib64]
  collapse library dir [/lib/x86_64-linux-gnu] ==> [/lib/x86_64-linux-gnu]
  collapse library dir [/lib/../lib64] ==> [/lib64]
  collapse library dir [/usr/lib/x86_64-linux-gnu] ==> [/usr/lib/x86_64-linux-gnu]
  collapse library dir [/usr/lib/../lib64] ==> [/usr/lib64]
  collapse library dir [/usr/local/gcc-10.5.0/lib/gcc/x86_64-pc-linux-gnu/10.5.0/../../..] ==> [/usr/local/gcc-10.5.0/lib]
  implicit libs: [gcc;gcc_s;c;gcc;gcc_s]
  implicit dirs: [/usr/local/gcc-10.5.0/lib/gcc/x86_64-pc-linux-gnu/10.5.0;/usr/local/gcc-10.5.0/lib64;/lib/x86_64-linux-gnu;/lib64;/usr/lib/x86_64-linux-gnu;/usr/lib64;/usr/local/gcc-10.5.0/lib]
  implicit fwks: []


Determining if the CXX compiler works passed with the following output:
Change Dir: /home/utopianyouth/zerovoice/unit11/myself-chatroom-distribute/build/CMakeFiles/CMakeTmp

Run Build Command(s):/home/utopianyouth/.codebuddy-server/extensions/kylinideteam.kylin-cmake-tools-0.0.4-universal/res/ninja/linux-x64/ninja cmTC_32705 && [1/2] Building CXX object CMakeFiles/cmTC_32705.dir/testCXXCompiler.cxx.o
[2/2] Linking CXX executable cmTC_32705



Detecting CXX compiler ABI info compiled with the following output:
Change Dir: /home/utopianyouth/zerovoice/unit11/myself-chatroom-distribute/build/CMakeFiles/CMakeTmp

Run Build Command(s):/home/utopianyouth/.codebuddy-server/extensions/kylinideteam.kylin-cmake-tools-0.0.4-universal/res/ninja/linux-x64/ninja cmTC_853b4 && [1/2] Building CXX object CMakeFiles/cmTC_853b4.dir/CMakeCXXCompilerABI.cpp.o
Using built-in specs.
COLLECT_GCC=/usr/local/gcc-10.5.0/bin/g++
Target: x86_64-pc-linux-gnu
Configured with: ../configure --prefix=/usr/local/gcc-10.5.0 --enable-languages=c,c++ --disable-multilib --disable-bootstrap
Thread model: posix
Supported LTO compression algorithms: zlib
gcc version 10.5.0 (GCC) 
COLLECT_GCC_OPTIONS='-v' '-o' 'CMakeFiles/cmTC_853b4.dir/CMakeCXXCompilerABI.cpp.o' '-c' '-shared-libgcc' '-mtune=generic' '-march=x86-64'
 /usr/local/gcc-10.5.0/libexec/gcc/x86_64-pc-linux-gnu/10.5.0/cc1plus -quiet -v -imultiarch x86_64-linux-gnu -D_GNU_SOURCE /usr/share/cmake-3.16/Modules/CMakeCXXCompilerABI.cpp -quiet -dumpbase CMakeCXXCompilerABI.cpp -mtune=generic -march=x86-64 -auxbase-strip CMakeFiles/cmTC_853b4.dir/CMakeCXXCompilerABI.cpp.o -version -o /tmp/ccQmkkZ0.s
GNU C++14 (GCC) version 10.5.0 (x86_64-pc-linux-gnu)
	compiled by GNU C version 9.4.0, GMP version 6.1.0, MPFR version 3.1.6, MPC version 1.0.3, isl version isl-0.18-GMP

GGC heuristics: --param ggc-min-expand=100 --param ggc-min-heapsize=131072
ignoring nonexistent directory "/usr/local/include/x86_64-linux-gnu"
ignoring nonexistent directory "/usr/local/gcc-10.5.0/lib/gcc/x86_64-pc-linux-gnu/10.5.0/../../../../x86_64-pc-linux-gnu/include"
#include "..." search starts here:
#include <...> search starts here:
 /usr/local/gcc-10.5.0/lib/gcc/x86_64-pc-linux-gnu/10.5.0/../../../../include/c++/10.5.0
 /usr/local/gcc-10.5.0/lib/gcc/x86_64-pc-linux-gnu/10.5.0/../../../../include/c++/10.5.0/x86_64-pc-linux-gnu
 /usr/local/gcc-10.5.0/lib/gcc/x86_64-pc-linux-gnu/10.5.0/../../../../include/c++/10.5.0/backward
 /usr/local/gcc-10.5.0/lib/gcc/x86_64-pc-linux-gnu/10.5.0/include
 /usr/local/include
 /usr/local/gcc-10.5.0/include
 /usr/local/gcc-10.5.0/lib/gcc/x86_64-pc-linux-gnu/10.5.0/include-fixed
 /usr/include/x86_64-linux-gnu
 /usr/include
End of search list.
GNU C++14 (GCC) version 10.5.0 (x86_64-pc-linux-gnu)
	compiled by GNU C version 9.4.0, GMP version 6.1.0, MPFR version 3.1.6, MPC version 1.0.3, isl version isl-0.18-GMP

GGC heuristics: --param ggc-min-expand=100 --param ggc-min-heapsize=131072
Compiler executable checksum: a8a47f6ebc809426627551116e609ce6
COLLECT_GCC_OPTIONS='-v' '-o' 'CMakeFiles/cmTC_853b4.dir/CMakeCXXCompilerABI.cpp.o' '-c' '-shared-libgcc' '-mtune=generic' '-march=x86-64'
 as -v --64 -o CMakeFiles/cmTC_853b4.dir/CMakeCXXCompilerABI.cpp.o /tmp/ccQmkkZ0.s
GNU assembler version 2.34 (x86_64-linux-gnu) using BFD version (GNU Binutils for Ubuntu) 2.34
COMPILER_PATH=/usr/local/gcc-10.5.0/libexec/gcc/x86_64-pc-linux-gnu/10.5.0/:/usr/local/gcc-10.5.0/libexec/gcc/x86_64-pc-linux-gnu/10.5.0/:/usr/local/gcc-10.5.0/libexec/gcc/x86_64-pc-linux-gnu/:/usr/local/gcc-10.5.0/lib/gcc/x86_64-pc-linux-gnu/10.5.0/:/usr/local/gcc-10.5.0/lib/gcc/x86_64-pc-linux-gnu/
LIBRARY_PATH=/usr/local/gcc-10.5.0/lib/gcc/x86_64-pc-linux-gnu/10.5.0/:/usr/local/gcc-10.5.0/lib/gcc/x86_64-pc-linux-gnu/10.5.0/../../../../lib64/:/lib/x86_64-linux-gnu/:/lib/../lib64/:/usr/lib/x86_64-linux-gnu/:/usr/lib/../lib64/:/usr/local/gcc-10.5.0/lib/gcc/x86_64-pc-linux-gnu/10.5.0/../../../:/lib/:/usr/lib/
COLLECT_GCC_OPTIONS='-v' '-o' 'CMakeFiles/cmTC_853b4.dir/CMakeCXXCompilerABI.cpp.o' '-c' '-shared-libgcc' '-mtune=generic' '-march=x86-64'
[2/2] Linking CXX executable cmTC_853b4
Using built-in specs.
COLLECT_GCC=/usr/local/gcc-10.5.0/bin/g++
COLLECT_LTO_WRAPPER=/usr/local/gcc-10.5.0/libexec/gcc/x86_64-pc-linux-gnu/10.5.0/lto-wrapper
Target: x86_64-pc-linux-gnu
Configured with: ../configure --prefix=/usr/local/gcc-10.5.0 --enable-languages=c,c++ --disable-multilib --disable-bootstrap
Thread model: posix
Supported LTO compression algorithms: zlib
gcc version 10.5.0 (GCC) 
COMPILER_PATH=/usr/local/gcc-10.5.0/libexec/gcc/x86_64-pc-linux-gnu/10.5.0/:/usr/local/gcc-10.5.0/libexec/gcc/x86_64-pc-linux-gnu/10.5.0/:/usr/local/gcc-10.5.0/libexec/gcc/x86_64-pc-linux-gnu/:/usr/local/gcc-10.5.0/lib/gcc/x86_64-pc-linux-gnu/10.5.0/:/usr/local/gcc-10.5.0/lib/gcc/x86_64-pc-linux-gnu/
LIBRARY_PATH=/usr/local/gcc-10.5.0/lib/gcc/x86_64-pc-linux-gnu/10.5.0/:/usr/local/gcc-10.5.0/lib/gcc/x86_64-pc-linux-gnu/10.5.0/../../../../lib64/:/lib/x86_64-linux-gnu/:/lib/../lib64/:/usr/lib/x86_64-linux-gnu/:/usr/lib/../lib64/:/usr/local/gcc-10.5.0/lib/gcc/x86_64-pc-linux-gnu/10.5.0/../../../:/lib/:/usr/lib/
COLLECT_GCC_OPTIONS='-v' '-rdynamic' '-o' 'cmTC_853b4' '-shared-libgcc' '-mtune=generic' '-march=x86-64'
 /usr/local/gcc-10.5.0/libexec/gcc/x86_64-pc-linux-gnu/10.5.0/collect2 -plugin /usr/local/gcc-10.5.0/libexec/gcc/x86_64-pc-linux-gnu/10.5.0/liblto_plugin.so -plugin-opt=/usr/local/gcc-10.5.0/libexec/gcc/x86_64-pc-linux-gnu/10.5.0/lto-wrapper -plugin-opt=-fresolution=/tmp/ccFmv26k.res -plugin-opt=-pass-through=-lgcc_s -plugin-opt=-pass-through=-lgcc -plugin-opt=-pass-through=-lc -plugin-opt=-pass-through=-lgcc_s -plugin-opt=-pass-through=-lgcc --eh-frame-hdr -m elf_x86_64 -export-dynamic -dynamic-linker /lib64/ld-linux-x86-64.so.2 -o cmTC_853b4 /lib/x86_64-linux-gnu/crt1.o /lib/x86_64-linux-gnu/crti.o /usr/local/gcc-10.5.0/lib/gcc/x86_64-pc-linux-gnu/10.5.0/crtbegin.o -L/usr/local/gcc-10.5.0/lib/gcc/x86_64-pc-linux-gnu/10.5.0 -L/usr/local/gcc-10.5.0/lib/gcc/x86_64-pc-linux-gnu/10.5.0/../../../../lib64 -L/lib/x86_64-linux-gnu -L/lib/../lib64 -L/usr/lib/x86_64-linux-gnu -L/usr/lib/../lib64 -L/usr/local/gcc-10.5.0/lib/gcc/x86_64-pc-linux-gnu/10.5.0/../../.. CMakeFiles/cmTC_853b4.dir/CMakeCXXCompilerABI.cpp.o -lstdc++ -lm -lgcc_s -lgcc -lc -lgcc_s -lgcc /usr/local/gcc-10.5.0/lib/gcc/x86_64-pc-linux-gnu/10.5.0/crtend.o /lib/x86_64-linux-gnu/crtn.o
COLLECT_GCC_OPTIONS='-v' '-rdynamic' '-o' 'cmTC_853b4' '-shared-libgcc' '-mtune=generic' '-march=x86-64'



Parsed CXX implicit include dir info from above output: rv=done
  found start of include info
  found start of implicit include info
    add: [/usr/local/gcc-10.5.0/lib/gcc/x86_64-pc-linux-gnu/10.5.0/../../../../include/c++/10.5.0]
    add: [/usr/local/gcc-10.5.0/lib/gcc/x86_64-pc-linux-gnu/10.5.0/../../../../include/c++/10.5.0/x86_64-pc-linux-gnu]
    add: [/usr/local/gcc-10.5.0/lib/gcc/x86_64-pc-linux-gnu/10.5.0/../../../../include/c++/10.5.0/backward]
    add: [/usr/local/gcc-10.5.0/lib/gcc/x86_64-pc-linux-gnu/10.5.0/include]
    add: [/usr/local/include]
    add: [/usr/local/gcc-10.5.0/include]
    add: [/usr/local/gcc-10.5.0/lib/gcc/x86_64-pc-linux-gnu/10.5.0/include-fixed]
    add: [/usr/include/x86_64-linux-gnu]
    add: [/usr/include]
  end of search list found
  collapse include dir [/usr/local/gcc-10.5.0/lib/gcc/x86_64-pc-linux-gnu/10.5.0/../../../../include/c++/10.5.0] ==> [/usr/local/gcc-10.5.0/include/c++/10.5.0]
  collapse include dir [/usr/local/gcc-10.5.0/lib/gcc/x86_64-pc-linux-gnu/10.5.0/../../../../include/c++/10.5.0/x86_64-pc-linux-gnu] ==> [/usr/local/gcc-10.5.0/include/c++/10.5.0/x86_64-pc-linux-gnu]
  collapse include dir [/usr/local/gcc-10.5.0/lib/gcc/x86_64-pc-linux-gnu/10.5.0/../../../../include/c++/10.5.0/backward] ==> [/usr/local/gcc-10.5.0/include/c++/10.5.0/backward]
  collapse include dir [/usr/local/gcc-10.5.0/lib/gcc/x86_64-pc-linux-gnu/10.5.0/include] ==> [/usr/local/gcc-10.5.0/lib/gcc/x86_64-pc-linux-gnu/10.5.0/include]
  collapse include dir [/usr/local/include] ==> [/usr/local/include]
  collapse include dir [/usr/local/gcc-10.5.0/include] ==> [/usr/local/gcc-10.5.0/include]
  collapse include dir [/usr/local/gcc-10.5.0/lib/gcc/x86_64-pc-linux-gnu/10.5.0/include-fixed] ==> [/usr/local/gcc-10.5.0/lib/gcc/x86_64-pc-linux-gnu/10.5.0/include-fixed]
  collapse include dir [/usr/include/x86_64-linux-gnu] ==> [/usr/include/x86_64-linux-gnu]
  collapse include dir [/usr/include] ==> [/usr/include]
  implicit include dirs: [/usr/local/gcc-10.5.0/include/c++/10.5.0;/usr/local/gcc-10.5.0/include/c++/10.5.0/x86_64-pc-linux-gnu;/usr/local/gcc-10.5.0/include/c++/10.5.0/backward;/usr/local/gcc-10.5.0/lib/gcc/x86_64-pc-linux-gnu/10.5.0/include;/usr/local/include;/usr/local/gcc-10.5.0/include;/usr/local/gcc-10.5.0/lib/gcc/x86_64-pc-linux-gnu/10.5.0/include-fixed;/usr/include/x86_64-linux-gnu;/usr/include]


Parsed CXX implicit link information from above output:
  link line regex: [^( *|.*[/\])(ld|CMAKE_LINK_STARTFILE-NOTFOUND|([^/\]+-)?ld|collect2)[^/\]*( |$)]
  ignore line: [Change Dir: /home/utopianyouth/zerovoice/unit11/myself-chatroom-distribute/build/CMakeFiles/CMakeTmp]
  ignore line: []
  ignore line: [Run Build Command(s):/home/utopianyouth/.codebuddy-server/extensions/kylinideteam.kylin-cmake-tools-0.0.4-universal/res/ninja/linux-x64/ninja cmTC_853b4 && [1/2] Building CXX object CMakeFiles/cmTC_853b4.dir/CMakeCXXCompilerABI.cpp.o]
  ignore line: [Using built-in specs.]
  ignore line: [COLLECT_GCC=/usr/local/gcc-10.5.0/bin/g++]
  ignore line: [Target: x86_64-pc-linux-gnu]
  ignore line: [Configured with: ../configure --prefix=/usr/local/gcc-10.5.0 --enable-languages=c c++ --disable-multilib --disable-bootstrap]
  ignore line: [Thread model: posix]
  ignore line: [Supported LTO compression algorithms: zlib]
  ignore line: [gcc version 10.5.0 (GCC) ]
  ignore line: [COLLECT_GCC_OPTIONS='-v' '-o' 'CMakeFiles/cmTC_853b4.dir/CMakeCXXCompilerABI.cpp.o' '-c' '-shared-libgcc' '-mtune=generic' '-march=x86-64']
  ignore line: [ /usr/local/gcc-10.5.0/libexec/gcc/x86_64-pc-linux-gnu/10.5.0/cc1plus -quiet -v -imultiarch x86_64-linux-gnu -D_GNU_SOURCE /usr/share/cmake-3.16/Modules/CMakeCXXCompilerABI.cpp -quiet -dumpbase CMakeCXXCompilerABI.cpp -mtune=generic -march=x86-64 -auxbase-strip CMakeFiles/cmTC_853b4.dir/CMakeCXXCompilerABI.cpp.o -version -o /tmp/ccQmkkZ0.s]
  ignore line: [GNU C++14 (GCC) version 10.5.0 (x86_64-pc-linux-gnu)]
  ignore line: [	compiled by GNU C version 9.4.0  GMP version 6.1.0  MPFR version 3.1.6  MPC version 1.0.3  isl version isl-0.18-GMP]
  ignore line: []
  ignore line: [GGC heuristics: --param ggc-min-expand=100 --param ggc-min-heapsize=131072]
  ignore line: [ignoring nonexistent directory "/usr/local/include/x86_64-linux-gnu"]
  ignore line: [ignoring nonexistent directory "/usr/local/gcc-10.5.0/lib/gcc/x86_64-pc-linux-gnu/10.5.0/../../../../x86_64-pc-linux-gnu/include"]
  ignore line: [#include "..." search starts here:]
  ignore line: [#include <...> search starts here:]
  ignore line: [ /usr/local/gcc-10.5.0/lib/gcc/x86_64-pc-linux-gnu/10.5.0/../../../../include/c++/10.5.0]
  ignore line: [ /usr/local/gcc-10.5.0/lib/gcc/x86_64-pc-linux-gnu/10.5.0/../../../../include/c++/10.5.0/x86_64-pc-linux-gnu]
  ignore line: [ /usr/local/gcc-10.5.0/lib/gcc/x86_64-pc-linux-gnu/10.5.0/../../../../include/c++/10.5.0/backward]
  ignore line: [ /usr/local/gcc-10.5.0/lib/gcc/x86_64-pc-linux-gnu/10.5.0/include]
  ignore line: [ /usr/local/include]
  ignore line: [ /usr/local/gcc-10.5.0/include]
  ignore line: [ /usr/local/gcc-10.5.0/lib/gcc/x86_64-pc-linux-gnu/10.5.0/include-fixed]
  ignore line: [ /usr/include/x86_64-linux-gnu]
  ignore line: [ /usr/include]
  ignore line: [End of search list.]
  ignore line: [GNU C++14 (GCC) version 10.5.0 (x86_64-pc-linux-gnu)]
  ignore line: [	compiled by GNU C version 9.4.0  GMP version 6.1.0  MPFR version 3.1.6  MPC version 1.0.3  isl version isl-0.18-GMP]
  ignore line: []
  ignore line: [GGC heuristics: --param ggc-min-expand=100 --param ggc-min-heapsize=131072]
  ignore line: [Compiler executable checksum: a8a47f6ebc809426627551116e609ce6]
  ignore line: [COLLECT_GCC_OPTIONS='-v' '-o' 'CMakeFiles/cmTC_853b4.dir/CMakeCXXCompilerABI.cpp.o' '-c' '-shared-libgcc' '-mtune=generic' '-march=x86-64']
  ignore line: [ as -v --64 -o CMakeFiles/cmTC_853b4.dir/CMakeCXXCompilerABI.cpp.o /tmp/ccQmkkZ0.s]
  ignore line: [GNU assembler version 2.34 (x86_64-linux-gnu) using BFD version (GNU Binutils for Ubuntu) 2.34]
  ignore line: [COMPILER_PATH=/usr/local/gcc-10.5.0/libexec/gcc/x86_64-pc-linux-gnu/10.5.0/:/usr/local/gcc-10.5.0/libexec/gcc/x86_64-pc-linux-gnu/10.5.0/:/usr/local/gcc-10.5.0/libexec/gcc/x86_64-pc-linux-gnu/:/usr/local/gcc-10.5.0/lib/gcc/x86_64-pc-linux-gnu/10.5.0/:/usr/local/gcc-10.5.0/lib/gcc/x86_64-pc-linux-gnu/]
  ignore line: [LIBRARY_PATH=/usr/local/gcc-10.5.0/lib/gcc/x86_64-pc-linux-gnu/10.5.0/:/usr/local/gcc-10.5.0/lib/gcc/x86_64-pc-linux-gnu/10.5.0/../../../../lib64/:/lib/x86_64-linux-gnu/:/lib/../lib64/:/usr/lib/x86_64-linux-gnu/:/usr/lib/../lib64/:/usr/local/gcc-10.5.0/lib/gcc/x86_64-pc-linux-gnu/10.5.0/../../../:/lib/:/usr/lib/]
  ignore line: [COLLECT_GCC_OPTIONS='-v' '-o' 'CMakeFiles/cmTC_853b4.dir/CMakeCXXCompilerABI.cpp.o' '-c' '-shared-libgcc' '-mtune=generic' '-march=x86-64']
  ignore line: [[2/2] Linking CXX executable cmTC_853b4]
  ignore line: [Using built-in specs.]
  ignore line: [COLLECT_GCC=/usr/local/gcc-10.5.0/bin/g++]
  ignore line: [COLLECT_LTO_WRAPPER=/usr/local/gcc-10.5.0/libexec/gcc/x86_64-pc-linux-gnu/10.5.0/lto-wrapper]
  ignore line: [Target: x86_64-pc-linux-gnu]
  ignore line: [Configured with: ../configure --prefix=/usr/local/gcc-10.5.0 --enable-languages=c c++ --disable-multilib --disable-bootstrap]
  ignore line: [Thread model: posix]
  ignore line: [Supported LTO compression algorithms: zlib]
  ignore line: [gcc version 10.5.0 (GCC) ]
  ignore line: [COMPILER_PATH=/usr/local/gcc-10.5.0/libexec/gcc/x86_64-pc-linux-gnu/10.5.0/:/usr/local/gcc-10.5.0/libexec/gcc/x86_64-pc-linux-gnu/10.5.0/:/usr/local/gcc-10.5.0/libexec/gcc/x86_64-pc-linux-gnu/:/usr/local/gcc-10.5.0/lib/gcc/x86_64-pc-linux-gnu/10.5.0/:/usr/local/gcc-10.5.0/lib/gcc/x86_64-pc-linux-gnu/]
  ignore line: [LIBRARY_PATH=/usr/local/gcc-10.5.0/lib/gcc/x86_64-pc-linux-gnu/10.5.0/:/usr/local/gcc-10.5.0/lib/gcc/x86_64-pc-linux-gnu/10.5.0/../../../../lib64/:/lib/x86_64-linux-gnu/:/lib/../lib64/:/usr/lib/x86_64-linux-gnu/:/usr/lib/../lib64/:/usr/local/gcc-10.5.0/lib/gcc/x86_64-pc-linux-gnu/10.5.0/../../../:/lib/:/usr/lib/]
  ignore line: [COLLECT_GCC_OPTIONS='-v' '-rdynamic' '-o' 'cmTC_853b4' '-shared-libgcc' '-mtune=generic' '-march=x86-64']
  link line: [ /usr/local/gcc-10.5.0/libexec/gcc/x86_64-pc-linux-gnu/10.5.0/collect2 -plugin /usr/local/gcc-10.5.0/libexec/gcc/x86_64-pc-linux-gnu/10.5.0/liblto_plugin.so -plugin-opt=/usr/local/gcc-10.5.0/libexec/gcc/x86_64-pc-linux-gnu/10.5.0/lto-wrapper -plugin-opt=-fresolution=/tmp/ccFmv26k.res -plugin-opt=-pass-through=-lgcc_s -plugin-opt=-pass-through=-lgcc -plugin-opt=-pass-through=-lc -plugin-opt=-pass-through=-lgcc_s -plugin-opt=-pass-through=-lgcc --eh-frame-hdr -m elf_x86_64 -export-dynamic -dynamic-linker /lib64/ld-linux-x86-64.so.2 -o cmTC_853b4 /lib/x86_64-linux-gnu/crt1.o /lib/x86_64-linux-gnu/crti.o /usr/local/gcc-10.5.0/lib/gcc/x86_64-pc-linux-gnu/10.5.0/crtbegin.o -L/usr/local/gcc-10.5.0/lib/gcc/x86_64-pc-linux-gnu/10.5.0 -L/usr/local/gcc-10.5.0/lib/gcc/x86_64-pc-linux-gnu/10.5.0/../../../../lib64 -L/lib/x86_64-linux-gnu -L/lib/../lib64 -L/usr/lib/x86_64-linux-gnu -L/usr/lib/../lib64 -L/usr/local/gcc-10.5.0/lib/gcc/x86_64-pc-linux-gnu/10.5.0/../../.. CMakeFiles/cmTC_853b4.dir/CMakeCXXCompilerABI.cpp.o -lstdc++ -lm -lgcc_s -lgcc -lc -lgcc_s -lgcc /usr/local/gcc-10.5.0/lib/gcc/x86_64-pc-linux-gnu/10.5.0/crtend.o /lib/x86_64-linux-gnu/crtn.o]
    arg [/usr/local/gcc-10.5.0/libexec/gcc/x86_64-pc-linux-gnu/10.5.0/collect2] ==> ignore
    arg [-plugin] ==> ignore
    arg [/usr/local/gcc-10.5.0/libexec/gcc/x86_64-pc-linux-gnu/10.5.0/liblto_plugin.so] ==> ignore
    arg [-plugin-opt=/usr/local/gcc-10.5.0/libexec/gcc/x86_64-pc-linux-gnu/10.5.0/lto-wrapper] ==> ignore
    arg [-plugin-opt=-fresolution=/tmp/ccFmv26k.res] ==> ignore
    arg [-plugin-opt=-pass-through=-lgcc_s] ==> ignore
    arg [-plugin-opt=-pass-through=-lgcc] ==> ignore
    arg [-plugin-opt=-pass-through=-lc] ==> ignore
    arg [-plugin-opt=-pass-through=-lgcc_s] ==> ignore
    arg [-plugin-opt=-pass-through=-lgcc] ==> ignore
    arg [--eh-frame-hdr] ==> ignore
    arg [-m] ==> ignore
    arg [elf_x86_64] ==> ignore
    arg [-export-dynamic] ==> ignore
    arg [-dynamic-linker] ==> ignore
    arg [/lib64/ld-linux-x86-64.so.2] ==> ignore
    arg [-o] ==> ignore
    arg [cmTC_853b4] ==> ignore
    arg [/lib/x86_64-linux-gnu/crt1.o] ==> ignore
    arg [/lib/x86_64-linux-gnu/crti.o] ==> ignore
    arg [/usr/local/gcc-10.5.0/lib/gcc/x86_64-pc-linux-gnu/10.5.0/crtbegin.o] ==> ignore
    arg [-L/usr/local/gcc-10.5.0/lib/gcc/x86_64-pc-linux-gnu/10.5.0] ==> dir [/usr/local/gcc-10.5.0/lib/gcc/x86_64-pc-linux-gnu/10.5.0]
    arg [-L/usr/local/gcc-10.5.0/lib/gcc/x86_64-pc-linux-gnu/10.5.0/../../../../lib64] ==> dir [/usr/local/gcc-10.5.0/lib/gcc/x86_64-pc-linux-gnu/10.5.0/../../../../lib64]
    arg [-L/lib/x86_64-linux-gnu] ==> dir [/lib/x86_64-linux-gnu]
    arg [-L/lib/../lib64] ==> dir [/lib/../lib64]
    arg [-L/usr/lib/x86_64-linux-gnu] ==> dir [/usr/lib/x86_64-linux-gnu]
    arg [-L/usr/lib/../lib64] ==> dir [/usr/lib/../lib64]
    arg [-L/usr/local/gcc-10.5.0/lib/gcc/x86_64-pc-linux-gnu/10.5.0/../../..] ==> dir [/usr/local/gcc-10.5.0/lib/gcc/x86_64-pc-linux-gnu/10.5.0/../../..]
    arg [CMakeFiles/cmTC_853b4.dir/CMakeCXXCompilerABI.cpp.o] ==> ignore
    arg [-lstdc++] ==> lib [stdc++]
    arg [-lm] ==> lib [m]
    arg [-lgcc_s] ==> lib [gcc_s]
    arg [-lgcc] ==> lib [gcc]
    arg [-lc] ==> lib [c]
    arg [-lgcc_s] ==> lib [gcc_s]
    arg [-lgcc] ==> lib [gcc]
    arg [/usr/local/gcc-10.5.0/lib/gcc/x86_64-pc-linux-gnu/10.5.0/crtend.o] ==> ignore
    arg [/lib/x86_64-linux-gnu/crtn.o] ==> ignore
  collapse library dir [/usr/local/gcc-10.5.0/lib/gcc/x86_64-pc-linux-gnu/10.5.0] ==> [/usr/local/gcc-10.5.0/lib/gcc/x86_64-pc-linux-gnu/10.5.0]
  collapse library dir [/usr/local/gcc-10.5.0/lib/gcc/x86_64-pc-linux-gnu/10.5.0/../../../../lib64] ==> [/usr/local/gcc-10.5.0/lib64]
  collapse library dir [/lib/x86_64-linux-gnu] ==> [/lib/x86_64-linux-gnu]
  collapse library dir [/lib/../lib64] ==> [/lib64]
  collapse library dir [/usr/lib/x86_64-linux-gnu] ==> [/usr/lib/x86_64-linux-gnu]
  collapse library dir [/usr/lib/../lib64] ==> [/usr/lib64]
  collapse library dir [/usr/local/gcc-10.5.0/lib/gcc/x86_64-pc-linux-gnu/10.5.0/../../..] ==> [/usr/local/gcc-10.5.0/lib]
  implicit libs: [stdc++;m;gcc_s;gcc;c;gcc_s;gcc]
  implicit dirs: [/usr/local/gcc-10.5.0/lib/gcc/x86_64-pc-linux-gnu/10.5.0;/usr/local/gcc-10.5.0/lib64;/lib/x86_64-linux-gnu;/lib64;/usr/lib/x86_64-linux-gnu;/usr/lib64;/usr/local/gcc-10.5.0/lib]
  implicit fwks: []


Determining if the function accept4 exists passed with the following output:
Change Dir: /home/utopianyouth/zerovoice/unit11/myself-chatroom-distribute/build/CMakeFiles/CMakeTmp

Run Build Command(s):/home/utopianyouth/.codebuddy-server/extensions/kylinideteam.kylin-cmake-tools-0.0.4-universal/res/ninja/linux-x64/ninja cmTC_75afc && [1/2] Building C object CMakeFiles/cmTC_75afc.dir/CheckFunctionExists.c.o
[2/2] Linking C executable cmTC_75afc



